31/1/2014 01:47:51::Miscellaneous::Information::Log file created
31/1/2014 02:03:34::Miscellaneous::Information::Configuration loaded successfully... Logging in...
31/1/2014 02:03:38::Authentication::Information::Successfully logged in... Synchronising
31/1/2014 02:03:47::Download::Information::"EE 224","VhdlIntro.pdf","D:\Cloud Services\Google Drive\Documents\Moodle\EE 224\VhdlIntro.pdf"
31/1/2014 02:03:49::Download::Information::"EE 224","VHDL sample code.","D:\Cloud Services\Google Drive\Documents\Moodle\EE 224\VHDL sample code."
31/1/2014 02:03:54::Download::Information::"EE 224","SOPMinimization.pdf","D:\Cloud Services\Google Drive\Documents\Moodle\EE 224\SOPMinimization.pdf"
31/1/2014 02:03:58::Download::Information::"EP 454","osci.pdf","D:\Cloud Services\Google Drive\Documents\Moodle\EP 454\Forum\osci.pdf"
31/1/2014 02:04:15::Download::Information::"EP 454","metamaterials.ppt","D:\Cloud Services\Google Drive\Documents\Moodle\EP 454\Forum\metamaterials.ppt"
31/1/2014 02:04:16::Download::Information::"EP 454","FFT.pdf","D:\Cloud Services\Google Drive\Documents\Moodle\EP 454\Forum\FFT.pdf"
31/1/2014 02:04:18::Download::Information::"EP 454","assignament1.zip","D:\Cloud Services\Google Drive\Documents\Moodle\EP 454\Forum\assignament1.zip"
31/1/2014 02:04:38::Download::Information::"PH 304","2.pdf","D:\Cloud Services\Google Drive\Documents\Moodle\PH 304\2.pdf"
31/1/2014 02:04:42::Download::Information::"PH 304","lect4.pdf","D:\Cloud Services\Google Drive\Documents\Moodle\PH 304\lect4.pdf"
31/1/2014 02:04:59::Download::Information::"EE 222","Lecture-8.ppt","D:\Cloud Services\Google Drive\Documents\Moodle\EE 222\Forum\Lecture-8.ppt"
31/1/2014 02:05:01::Download::Information::"EE 222","solution_quiz-1.pdf","D:\Cloud Services\Google Drive\Documents\Moodle\EE 222\Forum\solution_quiz-1.pdf"
31/1/2014 02:05:18::Download::Information::"EE 214","EE 214 Project Proposal Template.doc","D:\Cloud Services\Google Drive\Documents\Moodle\EE 214\Forum\EE 214 Project Proposal Template.doc"
31/1/2014 02:05:21::Download::Information::"EE 214","Table allotment.zip","D:\Cloud Services\Google Drive\Documents\Moodle\EE 214\Forum\Table allotment.zip"
31/1/2014 02:05:27::Download::Information::"EE 214","Weekly schedule_Batch-A.pdf","D:\Cloud Services\Google Drive\Documents\Moodle\EE 214\Weekly schedule_Batch-A.pdf"
31/1/2014 02:05:29::Download::Information::"EE 214","Weekly schedule_Batch-B.pdf","D:\Cloud Services\Google Drive\Documents\Moodle\EE 214\Weekly schedule_Batch-B.pdf"
31/1/2014 02:05:31::Download::Information::"EE 214","course outline.pdf","D:\Cloud Services\Google Drive\Documents\Moodle\EE 214\course outline.pdf"
31/1/2014 02:05:36::Download::Information::"EE 214","LCD_interfacting_assignment.pdf","D:\Cloud Services\Google Drive\Documents\Moodle\EE 214\LCD_interfacting_assignment.pdf"
31/1/2014 02:05:45::Miscellaneous::Information::Callback completed. Exiting thread.
